======================================================================
  CASCADA SERIAL HMM (LL) -> VQ
======================================================================
Cargando base de datos...
  93 usuarios, 7440 muestras

[N74] train usuarios=74 (5920m) | test usuarios=19 (1520m)

[N74] Extrayendo LL out-of-fold sobre train (3-fold)...
  [N74] K-fold 1/3 (train usuarios=49, val usuarios=25)...
  [N74] fold 1 HMM acc=91.00% (1189s)
  [N74] K-fold 2/3 (train usuarios=49, val usuarios=25)...
  [N74] fold 2 HMM acc=74.35% (1118s)
  [N74] K-fold 3/3 (train usuarios=50, val usuarios=24)...
  [N74] fold 3 HMM acc=67.29% (1297s)
[N74] OOF train listo (3604s)

[N74] Grid search VQ sobre LL...
  Grid search VQ: 54 configuraciones (inner train=4720, val=1200 muestras)
    [  1/54] norm=zscore  algo=kmeans    k=  1 -> acc=64.33% (0.2s)
    [  2/54] norm=zscore  algo=kmeans    k=  2 -> acc=59.50% (0.2s)
    [  3/54] norm=zscore  algo=kmeans    k=  4 -> acc=82.58% (0.3s)
    [  4/54] norm=zscore  algo=kmeans    k=  8 -> acc=85.92% (0.3s)
    [  5/54] norm=zscore  algo=kmeans    k= 16 -> acc=86.08% (0.4s)
    [  6/54] norm=zscore  algo=kmeans    k= 32 -> acc=87.50% (0.7s)
    [  7/54] norm=zscore  algo=mbkmeans  k=  1 -> acc=65.17% (0.2s)
    [  8/54] norm=zscore  algo=mbkmeans  k=  2 -> acc=66.33% (0.3s)
    [  9/54] norm=zscore  algo=mbkmeans  k=  4 -> acc=81.00% (0.3s)
    [ 10/54] norm=zscore  algo=mbkmeans  k=  8 -> acc=85.75% (0.4s)
    [ 11/54] norm=zscore  algo=mbkmeans  k= 16 -> acc=85.92% (0.5s)
    [ 12/54] norm=zscore  algo=mbkmeans  k= 32 -> acc=86.25% (0.7s)
    [ 13/54] norm=zscore  algo=lbg       k=  1 -> acc=64.33% (0.1s)
    [ 14/54] norm=zscore  algo=lbg       k=  2 -> acc=53.92% (0.2s)
    [ 15/54] norm=zscore  algo=lbg       k=  4 -> acc=82.33% (0.2s)
    [ 16/54] norm=zscore  algo=lbg       k=  8 -> acc=84.67% (0.2s)
    [ 17/54] norm=zscore  algo=lbg       k= 16 -> acc=85.42% (0.3s)
    [ 18/54] norm=zscore  algo=lbg       k= 32 -> acc=86.00% (0.6s)
    [ 19/54] norm=softmax algo=kmeans    k=  1 -> acc=90.17% (0.2s)
    [ 20/54] norm=softmax algo=kmeans    k=  2 -> acc=90.25% (0.2s)
    [ 21/54] norm=softmax algo=kmeans    k=  4 -> acc=20.42% (0.2s)
    [ 22/54] norm=softmax algo=kmeans    k=  8 -> acc= 2.08% (0.3s)
    [ 23/54] norm=softmax algo=kmeans    k= 16 -> acc=12.42% (1.0s)
    [ 24/54] norm=softmax algo=kmeans    k= 32 -> acc=20.67% (3.9s)
    [ 25/54] norm=softmax algo=mbkmeans  k=  1 -> acc=90.17% (0.2s)
    [ 26/54] norm=softmax algo=mbkmeans  k=  2 -> acc=73.58% (0.3s)
    [ 27/54] norm=softmax algo=mbkmeans  k=  4 -> acc=71.58% (0.3s)
    [ 28/54] norm=softmax algo=mbkmeans  k=  8 -> acc=82.83% (0.3s)
    [ 29/54] norm=softmax algo=mbkmeans  k= 16 -> acc=80.58% (0.5s)
    [ 30/54] norm=softmax algo=mbkmeans  k= 32 -> acc=71.50% (0.7s)
    [ 31/54] norm=softmax algo=lbg       k=  1 -> acc=90.17% (0.1s)
    [ 32/54] norm=softmax algo=lbg       k=  2 -> acc=90.17% (0.2s)
    [ 33/54] norm=softmax algo=lbg       k=  4 -> acc=81.58% (0.2s)
    [ 34/54] norm=softmax algo=lbg       k=  8 -> acc=52.83% (0.2s)
    [ 35/54] norm=softmax algo=lbg       k= 16 -> acc=70.75% (0.2s)
    [ 36/54] norm=softmax algo=lbg       k= 32 -> acc=81.17% (0.3s)
    [ 37/54] norm=shift   algo=kmeans    k=  1 -> acc=10.58% (0.2s)
    [ 38/54] norm=shift   algo=kmeans    k=  2 -> acc=10.42% (0.2s)
    [ 39/54] norm=shift   algo=kmeans    k=  4 -> acc=64.08% (0.3s)
    [ 40/54] norm=shift   algo=kmeans    k=  8 -> acc=66.42% (0.3s)
    [ 41/54] norm=shift   algo=kmeans    k= 16 -> acc=74.75% (0.4s)
    [ 42/54] norm=shift   algo=kmeans    k= 32 -> acc=79.33% (0.6s)
    [ 43/54] norm=shift   algo=mbkmeans  k=  1 -> acc=10.42% (0.2s)
    [ 44/54] norm=shift   algo=mbkmeans  k=  2 -> acc=10.33% (0.3s)
    [ 45/54] norm=shift   algo=mbkmeans  k=  4 -> acc=64.67% (0.3s)
    [ 46/54] norm=shift   algo=mbkmeans  k=  8 -> acc=64.58% (0.4s)
    [ 47/54] norm=shift   algo=mbkmeans  k= 16 -> acc=72.25% (0.5s)
    [ 48/54] norm=shift   algo=mbkmeans  k= 32 -> acc=78.75% (0.7s)
    [ 49/54] norm=shift   algo=lbg       k=  1 -> acc=10.58% (0.1s)
    [ 50/54] norm=shift   algo=lbg       k=  2 -> acc=10.42% (0.2s)
    [ 51/54] norm=shift   algo=lbg       k=  4 -> acc=64.00% (0.2s)
    [ 52/54] norm=shift   algo=lbg       k=  8 -> acc=68.33% (0.2s)
    [ 53/54] norm=shift   algo=lbg       k= 16 -> acc=72.58% (0.3s)
    [ 54/54] norm=shift   algo=lbg       k= 32 -> acc=80.25% (0.6s)

  Mejor config grid: algo=kmeans norm=softmax k=2 acc=90.25%
[N74] Grid search listo (0.4 min)

[N74] Entrenando HMM final ({'n_iter': 40, 'n_restarts': 2})...
[N74] HMM final listo (1430s)

[N74] Resultados test:
    HMM baseline (argmax LL):       67.24%
    Serial HMM->VQ (kmeans/softmax/k=2):  67.24%

[N47] train usuarios=47 (3760m) | test usuarios=46 (3680m)

[N47] Extrayendo LL out-of-fold sobre train (3-fold)...
  [N47] K-fold 1/3 (train usuarios=31, val usuarios=16)...
  [N47] fold 1 HMM acc=84.61% (610s)
  [N47] K-fold 2/3 (train usuarios=31, val usuarios=16)...
  [N47] fold 2 HMM acc=81.48% (610s)
  [N47] K-fold 3/3 (train usuarios=32, val usuarios=15)...
  [N47] fold 3 HMM acc=84.50% (611s)
[N47] OOF train listo (1831s)

[N47] Grid search VQ sobre LL...
  Grid search VQ: 54 configuraciones (inner train=3040, val=720 muestras)
    [  1/54] norm=zscore  algo=kmeans    k=  1 -> acc=10.00% (0.1s)
    [  2/54] norm=zscore  algo=kmeans    k=  2 -> acc=10.28% (0.1s)
    [  3/54] norm=zscore  algo=kmeans    k=  4 -> acc=68.75% (0.2s)
    [  4/54] norm=zscore  algo=kmeans    k=  8 -> acc=73.33% (0.2s)
    [  5/54] norm=zscore  algo=kmeans    k= 16 -> acc=72.22% (0.3s)
    [  6/54] norm=zscore  algo=kmeans    k= 32 -> acc=76.94% (0.5s)
    [  7/54] norm=zscore  algo=mbkmeans  k=  1 -> acc=10.00% (0.2s)
    [  8/54] norm=zscore  algo=mbkmeans  k=  2 -> acc=20.42% (0.2s)
    [  9/54] norm=zscore  algo=mbkmeans  k=  4 -> acc=53.33% (0.2s)
    [ 10/54] norm=zscore  algo=mbkmeans  k=  8 -> acc=66.53% (0.3s)
    [ 11/54] norm=zscore  algo=mbkmeans  k= 16 -> acc=77.36% (0.4s)
    [ 12/54] norm=zscore  algo=mbkmeans  k= 32 -> acc=83.89% (0.6s)
    [ 13/54] norm=zscore  algo=lbg       k=  1 -> acc=10.00% (0.1s)
    [ 14/54] norm=zscore  algo=lbg       k=  2 -> acc=20.14% (0.1s)
    [ 15/54] norm=zscore  algo=lbg       k=  4 -> acc=64.86% (0.1s)
    [ 16/54] norm=zscore  algo=lbg       k=  8 -> acc=75.28% (0.1s)
    [ 17/54] norm=zscore  algo=lbg       k= 16 -> acc=80.69% (0.2s)
    [ 18/54] norm=zscore  algo=lbg       k= 32 -> acc=85.28% (0.4s)
    [ 19/54] norm=softmax algo=kmeans    k=  1 -> acc=84.03% (0.1s)
    [ 20/54] norm=softmax algo=kmeans    k=  2 -> acc=84.03% (0.2s)
    [ 21/54] norm=softmax algo=kmeans    k=  4 -> acc=30.56% (0.2s)
    [ 22/54] norm=softmax algo=kmeans    k=  8 -> acc= 1.81% (0.5s)
    [ 23/54] norm=softmax algo=kmeans    k= 16 -> acc=10.42% (1.7s)
    [ 24/54] norm=softmax algo=kmeans    k= 32 -> acc=18.33% (2.8s)
    [ 25/54] norm=softmax algo=mbkmeans  k=  1 -> acc=84.03% (0.2s)
    [ 26/54] norm=softmax algo=mbkmeans  k=  2 -> acc=56.81% (0.2s)
    [ 27/54] norm=softmax algo=mbkmeans  k=  4 -> acc=57.64% (0.2s)
    [ 28/54] norm=softmax algo=mbkmeans  k=  8 -> acc=66.53% (0.3s)
    [ 29/54] norm=softmax algo=mbkmeans  k= 16 -> acc=84.72% (0.4s)
    [ 30/54] norm=softmax algo=mbkmeans  k= 32 -> acc=73.75% (0.6s)
    [ 31/54] norm=softmax algo=lbg       k=  1 -> acc=84.03% (0.1s)
    [ 32/54] norm=softmax algo=lbg       k=  2 -> acc=84.03% (0.1s)
    [ 33/54] norm=softmax algo=lbg       k=  4 -> acc=47.22% (0.1s)
    [ 34/54] norm=softmax algo=lbg       k=  8 -> acc=39.58% (0.1s)
    [ 35/54] norm=softmax algo=lbg       k= 16 -> acc=51.67% (0.2s)
    [ 36/54] norm=softmax algo=lbg       k= 32 -> acc=49.17% (0.2s)
    [ 37/54] norm=shift   algo=kmeans    k=  1 -> acc=10.00% (0.1s)
    [ 38/54] norm=shift   algo=kmeans    k=  2 -> acc=54.58% (0.2s)
    [ 39/54] norm=shift   algo=kmeans    k=  4 -> acc=70.42% (0.2s)
    [ 40/54] norm=shift   algo=kmeans    k=  8 -> acc=68.61% (0.2s)
    [ 41/54] norm=shift   algo=kmeans    k= 16 -> acc=70.83% (0.3s)
    [ 42/54] norm=shift   algo=kmeans    k= 32 -> acc=80.00% (0.5s)
    [ 43/54] norm=shift   algo=mbkmeans  k=  1 -> acc=13.33% (0.2s)
    [ 44/54] norm=shift   algo=mbkmeans  k=  2 -> acc=54.72% (0.2s)
    [ 45/54] norm=shift   algo=mbkmeans  k=  4 -> acc=68.89% (0.2s)
    [ 46/54] norm=shift   algo=mbkmeans  k=  8 -> acc=70.69% (0.3s)
    [ 47/54] norm=shift   algo=mbkmeans  k= 16 -> acc=81.39% (0.4s)
    [ 48/54] norm=shift   algo=mbkmeans  k= 32 -> acc=83.75% (0.6s)
    [ 49/54] norm=shift   algo=lbg       k=  1 -> acc=10.00% (0.1s)
    [ 50/54] norm=shift   algo=lbg       k=  2 -> acc=54.58% (0.1s)
    [ 51/54] norm=shift   algo=lbg       k=  4 -> acc=67.50% (0.1s)
    [ 52/54] norm=shift   algo=lbg       k=  8 -> acc=73.47% (0.1s)
    [ 53/54] norm=shift   algo=lbg       k= 16 -> acc=75.83% (0.2s)
    [ 54/54] norm=shift   algo=lbg       k= 32 -> acc=83.06% (0.5s)

  Mejor config grid: algo=lbg norm=zscore k=32 acc=85.28%
[N47] Grid search listo (0.3 min)

[N47] Entrenando HMM final ({'n_iter': 40, 'n_restarts': 2})...
[N47] HMM final listo (939s)

[N47] Resultados test:
    HMM baseline (argmax LL):       83.99%
    Serial HMM->VQ (lbg/zscore/k=32):   9.89%
  [LOO] usando config del grid N74: kmeans norm=softmax k=2 (val acc=90.25%)
  [LOO  1/93] uid=101 hmm= 48.8% serial= 51.2% (460s)
  [LOO  2/93] uid=102 hmm= 75.0% serial= 75.0% (450s)
  [LOO  3/93] uid=103 hmm= 78.8% serial= 78.8% (477s)
  [LOO  4/93] uid=104 hmm= 73.8% serial= 73.8% (469s)
  [LOO  5/93] uid=105 hmm= 67.5% serial= 63.7% (465s)
  [LOO  6/93] uid=106 hmm= 85.0% serial= 81.2% (462s)
  [LOO  7/93] uid=107 hmm= 72.5% serial= 72.5% (450s)
  [LOO  8/93] uid=108 hmm= 60.0% serial= 50.0% (418s)
  [LOO  9/93] uid=109 hmm= 55.0% serial= 55.0% (422s)
  [LOO 10/93] uid=110 hmm= 73.8% serial= 75.0% (440s)
  [LOO 11/93] uid=111 hmm= 75.0% serial= 76.2% (437s)
  [LOO 12/93] uid=112 hmm= 50.0% serial= 30.0% (390s)
  [LOO 13/93] uid=114 hmm= 77.5% serial= 77.5% (442s)
  [LOO 14/93] uid=115 hmm= 68.8% serial= 68.8% (421s)
  [LOO 15/93] uid=118 hmm= 55.0% serial= 55.0% (416s)
  [LOO 16/93] uid=119 hmm= 68.8% serial= 68.8% (425s)
  [LOO 17/93] uid=120 hmm= 70.0% serial= 70.0% (426s)
  [LOO 18/93] uid=121 hmm= 82.5% serial= 82.5% (449s)
  [LOO 19/93] uid=122 hmm= 63.7% serial= 62.5% (418s)
  [LOO 20/93] uid=124 hmm= 70.0% serial= 70.0% (428s)
  [LOO 21/93] uid=125 hmm= 80.0% serial= 80.0% (438s)
  [LOO 22/93] uid=126 hmm= 32.5% serial= 22.5% (386s)
  [LOO 23/93] uid=127 hmm= 68.8% serial= 51.2% (424s)
  [LOO 24/93] uid=128 hmm= 56.2% serial= 60.0% (423s)
  [LOO 25/93] uid=129 hmm= 73.8% serial= 65.0% (440s)
  [LOO 26/93] uid=130 hmm= 66.2% serial= 65.0% (408s)
  [LOO 27/93] uid=131 hmm= 60.0% serial= 51.2% (431s)
  [LOO 28/93] uid=132 hmm= 82.5% serial= 82.5% (451s)
  [LOO 29/93] uid=133 hmm= 78.8% serial= 70.0% (427s)
  [LOO 30/93] uid=134 hmm= 90.0% serial= 87.5% (448s)
  [LOO 31/93] uid=135 hmm= 75.0% serial= 70.0% (419s)
  [LOO 32/93] uid=136 hmm= 77.5% serial= 77.5% (426s)
  [LOO 33/93] uid=137 hmm= 77.5% serial= 77.5% (433s)
  [LOO 34/93] uid=138 hmm= 70.0% serial= 70.0% (420s)
  [LOO 35/93] uid=139 hmm= 68.8% serial= 68.8% (428s)
  [LOO 36/93] uid=141 hmm= 73.8% serial= 72.5% (411s)
  [LOO 37/93] uid=142 hmm= 63.7% serial= 56.2% (431s)
  [LOO 38/93] uid=143 hmm= 83.8% serial= 83.8% (434s)
  [LOO 39/93] uid=144 hmm= 80.0% serial= 80.0% (457s)
  [LOO 40/93] uid=145 hmm= 63.7% serial= 62.5% (421s)
  [LOO 41/93] uid=146 hmm= 60.0% serial= 60.0% (407s)
  [LOO 42/93] uid=147 hmm= 73.8% serial= 75.0% (442s)
  [LOO 43/93] uid=148 hmm= 57.5% serial= 57.5% (413s)
  [LOO 44/93] uid=149 hmm= 76.2% serial= 76.2% (441s)
  [LOO 45/93] uid=150 hmm= 78.8% serial= 77.5% (442s)
  [LOO 46/93] uid=151 hmm= 50.0% serial= 51.2% (413s)
  [LOO 47/93] uid=152 hmm= 68.8% serial= 68.8% (450s)
  [LOO 48/93] uid=153 hmm= 77.5% serial= 76.2% (428s)
  [LOO 49/93] uid=154 hmm= 65.0% serial= 65.0% (406s)
  [LOO 50/93] uid=155 hmm= 60.0% serial= 60.0% (416s)
  [LOO 51/93] uid=156 hmm= 82.5% serial= 82.5% (458s)
  [LOO 52/93] uid=157 hmm= 67.5% serial= 60.0% (427s)
  [LOO 53/93] uid=158 hmm= 70.0% serial= 70.0% (422s)
  [LOO 54/93] uid=159 hmm= 86.2% serial= 86.2% (460s)
  [LOO 55/93] uid=160 hmm= 77.5% serial= 77.5% (443s)
  [LOO 56/93] uid=161 hmm= 55.0% serial= 51.2% (413s)
  [LOO 57/93] uid=162 hmm= 70.0% serial= 70.0% (439s)
  [LOO 58/93] uid=163 hmm= 81.2% serial= 81.2% (432s)
  [LOO 59/93] uid=164 hmm= 85.0% serial= 76.2% (444s)
  [LOO 60/93] uid=165 hmm= 70.0% serial= 70.0% (423s)
  [LOO 61/93] uid=166 hmm= 70.0% serial= 70.0% (435s)
  [LOO 62/93] uid=167 hmm= 65.0% serial= 65.0% (445s)
  [LOO 63/93] uid=168 hmm= 78.8% serial= 78.8% (439s)
  [LOO 64/93] uid=169 hmm= 85.0% serial= 75.0% (471s)
  [LOO 65/93] uid=170 hmm= 60.0% serial= 50.0% (409s)
  [LOO 66/93] uid=180 hmm= 80.0% serial= 80.0% (418s)
  [LOO 67/93] uid=181 hmm= 73.8% serial= 73.8% (434s)
  [LOO 68/93] uid=182 hmm= 90.0% serial= 80.0% (446s)
  [LOO 69/93] uid=183 hmm= 80.0% serial= 80.0% (450s)
  [LOO 70/93] uid=184 hmm= 70.0% serial= 71.2% (414s)
  [LOO 71/93] uid=185 hmm= 72.5% serial= 72.5% (434s)
  [LOO 72/93] uid=186 hmm= 51.2% serial= 51.2% (411s)
  [LOO 73/93] uid=187 hmm= 73.8% serial= 75.0% (437s)
  [LOO 74/93] uid=188 hmm= 70.0% serial= 70.0% (418s)
  [LOO 75/93] uid=190 hmm= 78.8% serial= 78.8% (432s)
  [LOO 76/93] uid=191 hmm= 51.2% serial= 51.2% (409s)
  [LOO 77/93] uid=192 hmm= 68.8% serial= 67.5% (416s)
  [LOO 78/93] uid=193 hmm= 55.0% serial= 55.0% (411s)
  [LOO 79/93] uid=194 hmm= 46.2% serial= 41.2% (400s)
  [LOO 80/93] uid=195 hmm= 60.0% serial= 60.0% (410s)
  [LOO 81/93] uid=196 hmm= 70.0% serial= 70.0% (423s)
  [LOO 82/93] uid=197 hmm= 70.0% serial= 70.0% (423s)
  [LOO 83/93] uid=198 hmm= 71.2% serial= 71.2% (430s)
  [LOO 84/93] uid=199 hmm= 80.0% serial= 81.2% (414s)
  [LOO 85/93] uid=200 hmm= 58.8% serial= 57.5% (409s)
  [LOO 86/93] uid=201 hmm= 87.5% serial= 87.5% (483s)
  [LOO 87/93] uid=202 hmm= 68.8% serial= 66.2% (451s)
  [LOO 88/93] uid=203 hmm= 48.8% serial= 48.8% (403s)
  [LOO 89/93] uid=204 hmm= 78.8% serial= 78.8% (464s)
  [LOO 90/93] uid=205 hmm= 80.0% serial= 80.0% (459s)
  [LOO 91/93] uid=206 hmm= 71.2% serial= 71.2% (474s)
  [LOO 92/93] uid=207 hmm= 78.8% serial= 80.0% (480s)
  [LOO 93/93] uid=208 hmm= 61.3% serial= 61.3% (462s)

[LOO] HMM baseline: 70.01%
[LOO] Serial:       68.32%

Total: 803.5 min
