======================================================================
  RE-EJECUCION HMM E1 (GaussianHMM, Entrega 1) - guardando scores
======================================================================
Cargando base de datos...
  93 usuarios, 7440 muestras

[N74] train=5920 test=1520
  Entrenando GaussianHMM (n_iter=40, n_restarts=2)...
  HMM listo (197s)
  Accuracy: 88.62%
  Guardado: /home/saizalvaro21/Desktop/uni/4/ASMI/repo/Entrega3/Entrega1_rerun/e1_N74.json

[N47] train=3760 test=3680
  Entrenando GaussianHMM (n_iter=40, n_restarts=2)...
  HMM listo (115s)
  Accuracy: 87.23%
  Guardado: /home/saizalvaro21/Desktop/uni/4/ASMI/repo/Entrega3/Entrega1_rerun/e1_N47.json
  [LOO  1/93] uid=101 acc= 60.0% (57s)
  [LOO  2/93] uid=102 acc= 66.2% (57s)
  [LOO  3/93] uid=103 acc= 87.5% (57s)
  [LOO  4/93] uid=104 acc= 81.2% (58s)
  [LOO  5/93] uid=105 acc= 91.2% (57s)
  [LOO  6/93] uid=106 acc= 95.0% (57s)
  [LOO  7/93] uid=107 acc= 85.0% (57s)
  [LOO  8/93] uid=108 acc= 73.8% (58s)
  [LOO  9/93] uid=109 acc= 71.2% (58s)
  [LOO 10/93] uid=110 acc= 77.5% (57s)
  [LOO 11/93] uid=111 acc= 55.0% (58s)
  [LOO 12/93] uid=112 acc= 73.8% (58s)
  [LOO 13/93] uid=114 acc= 83.8% (57s)
  [LOO 14/93] uid=115 acc= 87.5% (57s)
  [LOO 15/93] uid=118 acc= 65.0% (56s)
  [LOO 16/93] uid=119 acc= 87.5% (57s)
  [LOO 17/93] uid=120 acc= 80.0% (57s)
  [LOO 18/93] uid=121 acc= 77.5% (58s)
  [LOO 19/93] uid=122 acc= 78.8% (57s)
  [LOO 20/93] uid=124 acc= 95.0% (58s)
  [LOO 21/93] uid=125 acc= 80.0% (55s)
  [LOO 22/93] uid=126 acc= 67.5% (55s)
  [LOO 23/93] uid=127 acc= 76.2% (56s)
  [LOO 24/93] uid=128 acc= 57.5% (56s)
  [LOO 25/93] uid=129 acc= 73.8% (55s)
  [LOO 26/93] uid=130 acc= 72.5% (55s)
  [LOO 27/93] uid=131 acc= 58.8% (55s)
  [LOO 28/93] uid=132 acc= 78.8% (54s)
  [LOO 29/93] uid=133 acc= 91.2% (56s)
  [LOO 30/93] uid=134 acc= 92.5% (55s)
  [LOO 31/93] uid=135 acc= 87.5% (55s)
  [LOO 32/93] uid=136 acc= 90.0% (55s)
  [LOO 33/93] uid=137 acc= 75.0% (55s)
  [LOO 34/93] uid=138 acc= 82.5% (55s)
  [LOO 35/93] uid=139 acc= 77.5% (55s)
  [LOO 36/93] uid=141 acc= 83.8% (55s)
  [LOO 37/93] uid=142 acc= 90.0% (54s)
  [LOO 38/93] uid=143 acc= 83.8% (55s)
  [LOO 39/93] uid=144 acc= 62.5% (55s)
  [LOO 40/93] uid=145 acc= 75.0% (54s)
  [LOO 41/93] uid=146 acc= 80.0% (55s)
  [LOO 42/93] uid=147 acc= 76.2% (55s)
  [LOO 43/93] uid=148 acc= 77.5% (55s)
  [LOO 44/93] uid=149 acc= 88.8% (55s)
  [LOO 45/93] uid=150 acc= 87.5% (55s)
  [LOO 46/93] uid=151 acc= 73.8% (55s)
  [LOO 47/93] uid=152 acc= 61.3% (55s)
  [LOO 48/93] uid=153 acc= 82.5% (55s)
  [LOO 49/93] uid=154 acc= 78.8% (54s)
  [LOO 50/93] uid=155 acc= 85.0% (55s)
  [LOO 51/93] uid=156 acc= 87.5% (55s)
  [LOO 52/93] uid=157 acc= 86.2% (55s)
  [LOO 53/93] uid=158 acc= 77.5% (54s)
  [LOO 54/93] uid=159 acc= 83.8% (55s)
  [LOO 55/93] uid=160 acc= 81.2% (55s)
  [LOO 56/93] uid=161 acc= 65.0% (55s)
  [LOO 57/93] uid=162 acc= 81.2% (55s)
  [LOO 58/93] uid=163 acc= 88.8% (55s)
  [LOO 59/93] uid=164 acc= 78.8% (54s)
  [LOO 60/93] uid=165 acc= 92.5% (55s)
  [LOO 61/93] uid=166 acc= 71.2% (55s)
  [LOO 62/93] uid=167 acc= 77.5% (55s)
  [LOO 63/93] uid=168 acc= 78.8% (54s)
  [LOO 64/93] uid=169 acc= 85.0% (54s)
  [LOO 65/93] uid=170 acc= 80.0% (57s)
  [LOO 66/93] uid=180 acc= 91.2% (57s)
  [LOO 67/93] uid=181 acc= 85.0% (55s)
  [LOO 68/93] uid=182 acc= 67.5% (56s)
  [LOO 69/93] uid=183 acc= 76.2% (57s)
  [LOO 70/93] uid=184 acc= 73.8% (57s)
  [LOO 71/93] uid=185 acc= 71.2% (56s)
  [LOO 72/93] uid=186 acc= 77.5% (56s)
  [LOO 73/93] uid=187 acc= 68.8% (56s)
  [LOO 74/93] uid=188 acc= 87.5% (56s)
  [LOO 75/93] uid=190 acc= 87.5% (55s)
  [LOO 76/93] uid=191 acc= 77.5% (57s)
  [LOO 77/93] uid=192 acc= 86.2% (56s)
  [LOO 78/93] uid=193 acc= 77.5% (57s)
  [LOO 79/93] uid=194 acc= 81.2% (56s)
  [LOO 80/93] uid=195 acc= 76.2% (57s)
  [LOO 81/93] uid=196 acc= 70.0% (56s)
  [LOO 82/93] uid=197 acc= 72.5% (56s)
  [LOO 83/93] uid=198 acc= 60.0% (57s)
  [LOO 84/93] uid=199 acc= 96.2% (55s)
  [LOO 85/93] uid=200 acc= 71.2% (57s)
  [LOO 86/93] uid=201 acc= 88.8% (57s)
  [LOO 87/93] uid=202 acc= 93.8% (55s)
  [LOO 88/93] uid=203 acc= 80.0% (56s)
  [LOO 89/93] uid=204 acc= 72.5% (56s)
  [LOO 90/93] uid=205 acc= 85.0% (56s)
  [LOO 91/93] uid=206 acc= 76.2% (57s)
  [LOO 92/93] uid=207 acc= 86.2% (57s)
  [LOO 93/93] uid=208 acc= 68.8% (57s)

[LOO] accuracy global = 78.94%

Total: 92.4 min
